SF:lib/data/models/user_model.dart
DA:7,4
DA:9,2
DA:10,4
DA:11,4
DA:12,4
DA:13,4
DA:16,1
DA:17,1
DA:18,2
DA:19,2
DA:20,2
DA:21,2
LF:12
LH:12
end_of_record
SF:lib/data/data_source/firebase_user_data_source.dart
DA:22,1
DA:24,1
DA:26,5
DA:27,6
LF:4
LH:4
end_of_record
SF:lib/data/data_source/firebase_auth_data_source.dart
DA:6,1
DA:10,1
DA:11,2
DA:14,1
DA:15,2
DA:18,1
DA:19,2
DA:22,1
DA:23,2
DA:26,1
DA:27,2
DA:29,1
DA:30,2
DA:31,1
DA:37,1
DA:38,2
LF:16
LH:16
end_of_record
SF:lib/domain/usecases/register_user_usescase.dart
DA:8,1
DA:10,1
DA:11,2
LF:3
LH:3
end_of_record
SF:lib/data/repositories/auth_repository_impl.dart
DA:13,1
DA:15,1
DA:17,2
DA:20,1
DA:22,2
DA:25,1
DA:27,2
DA:30,1
DA:32,2
DA:35,1
DA:37,2
DA:38,2
DA:40,3
DA:44,1
DA:45,2
LF:15
LH:15
end_of_record
SF:lib/data/repositories/user_repository_impl.dart
DA:8,1
DA:10,1
DA:12,2
LF:3
LH:3
end_of_record
SF:lib/domain/core/helper/validation_helper.dart
DA:2,1
DA:3,1
DA:5,2
DA:7,2
DA:13,1
DA:15,1
DA:17,1
DA:19,1
DA:25,1
DA:27,1
DA:29,1
DA:31,1
DA:37,1
DA:38,1
DA:40,1
LF:15
LH:15
end_of_record
SF:lib/data/repositories/firebase_user_database_repository.dart
DA:8,1
DA:10,1
DA:12,5
DA:19,1
DA:22,5
LF:5
LH:5
end_of_record
SF:lib/domain/usecases/check_and_update_email_verification_usecase.dart
DA:6,1
DA:8,1
DA:9,2
LF:3
LH:3
end_of_record
SF:lib/domain/usecases/filter_users_usecase.dart
DA:4,1
DA:5,5
LF:2
LH:2
end_of_record
SF:lib/domain/usecases/sign_out_usecase.dart
DA:6,1
DA:8,1
DA:9,2
LF:3
LH:3
end_of_record
SF:lib/domain/usecases/send_password_reset_email_usecase.dart
DA:6,1
DA:8,1
DA:9,2
LF:3
LH:3
end_of_record
SF:lib/domain/usecases/create_user_usecase.dart
DA:6,2
DA:8,2
DA:9,4
LF:3
LH:3
end_of_record
SF:lib/domain/usecases/fetch_users_usecase.dart
DA:7,1
DA:9,1
DA:10,2
LF:3
LH:3
end_of_record
